<?xml version="1.0" encoding="UTF-8"?>
<testng-results ignored="0" total="2" passed="2" failed="0" skipped="0">
  <reporter-output>
  </reporter-output>
  <suite started-at="2023-08-05T21:28:52 IST" name="Default suite" finished-at="2023-08-05T21:30:01 IST" duration-ms="69541">
    <groups>
      <group name="cucumber">
        <method signature="AbstractTestNGCucumberTests.runScenario(io.cucumber.testng.PickleWrapper,io.cucumber.testng.FeatureWrapper)[pri:0, instance:TestRunner.RunnerTest@74ea2410]" name="runScenario" class="io.cucumber.testng.AbstractTestNGCucumberTests"/>
      </group> <!-- cucumber -->
    </groups>
    <test started-at="2023-08-05T21:28:52 IST" name="Default test" finished-at="2023-08-05T21:30:01 IST" duration-ms="69541">
      <class name="TestRunner.RunnerTest">
        <test-method is-config="true" signature="setUpClass(org.testng.ITestContext)[pri:0, instance:TestRunner.RunnerTest@74ea2410]" started-at="2023-08-05T21:28:52 IST" name="setUpClass" finished-at="2023-08-05T21:28:55 IST" duration-ms="3270" status="PASS">
          <params>
            <param index="0">
              <value>
                <![CDATA[org.testng.TestRunner@6697f3d]]>
              </value>
            </param>
          </params>
          <reporter-output>
          </reporter-output>
        </test-method> <!-- setUpClass -->
        <test-method signature="runScenario(io.cucumber.testng.PickleWrapper,io.cucumber.testng.FeatureWrapper)[pri:0, instance:TestRunner.RunnerTest@74ea2410]" started-at="2023-08-05T21:28:55 IST" name="runScenario" description="Runs Cucumber Scenarios" data-provider="scenarios" finished-at="2023-08-05T21:29:31 IST" duration-ms="36262" status="PASS">
          <params>
            <param index="0">
              <value>
                <![CDATA["Test Add Customer Functionality"]]>
              </value>
            </param>
            <param index="1">
              <value>
                <![CDATA["Test Guru99 Application"]]>
              </value>
            </param>
          </params>
          <reporter-output>
          </reporter-output>
        </test-method> <!-- runScenario -->
        <test-method signature="runScenario(io.cucumber.testng.PickleWrapper,io.cucumber.testng.FeatureWrapper)[pri:0, instance:TestRunner.RunnerTest@74ea2410]" started-at="2023-08-05T21:29:31 IST" name="runScenario" description="Runs Cucumber Scenarios" data-provider="scenarios" finished-at="2023-08-05T21:29:40 IST" duration-ms="9096" status="PASS">
          <params>
            <param index="0">
              <value>
                <![CDATA["Test Add Terif Plan Functionality"]]>
              </value>
            </param>
            <param index="1">
              <value>
                <![CDATA["Test Guru99 Application"]]>
              </value>
            </param>
          </params>
          <reporter-output>
          </reporter-output>
        </test-method> <!-- runScenario -->
        <test-method is-config="true" signature="tearDownClass()[pri:0, instance:TestRunner.RunnerTest@74ea2410]" started-at="2023-08-05T21:29:40 IST" name="tearDownClass" finished-at="2023-08-05T21:30:01 IST" duration-ms="20772" status="PASS">
          <reporter-output>
          </reporter-output>
        </test-method> <!-- tearDownClass -->
      </class> <!-- TestRunner.RunnerTest -->
    </test> <!-- Default test -->
  </suite> <!-- Default suite -->
</testng-results>
